<?xml version="1.0" encoding="UTF-8"?>
<!-- Generated by org.testng.reporters.JUnitReportReporter -->
<testsuite skipped="0" hostname="DESKTOP-EQPBENL" name="com.TIAA.qa.testcases.LandingPageTest" tests="3" failures="0" timestamp="2020-01-20T19:30:28 CST" time="89.389" errors="0">
  <testcase name="displayPageTitle" time="23.095" classname="com.TIAA.qa.testcases.LandingPageTest"/>
  <testcase name="displayTIAALogo" time="27.762" classname="com.TIAA.qa.testcases.LandingPageTest"/>
  <testcase name="dispalyProductSelectionPage" time="38.532" classname="com.TIAA.qa.testcases.LandingPageTest"/>
</testsuite> <!-- com.TIAA.qa.testcases.LandingPageTest -->
