<?xml version="1.0" encoding="UTF-8"?>
<!-- Generated by org.testng.reporters.JUnitReportReporter -->
<testsuite hostname="DESKTOP-EQPBENL" failures="0" tests="3" name="com.TIAA.qa.testcases.LandingPageTest" time="66.074" errors="0" timestamp="2020-01-19T15:16:14 CST" skipped="0">
  <testcase classname="com.TIAA.qa.testcases.LandingPageTest" name="displayPageTitle" time="18.111"/>
  <testcase classname="com.TIAA.qa.testcases.LandingPageTest" name="displayTIAALogo" time="17.609"/>
  <testcase classname="com.TIAA.qa.testcases.LandingPageTest" name="dispalyProductSelectionPage" time="30.354"/>
</testsuite> <!-- com.TIAA.qa.testcases.LandingPageTest -->
