<?xml version="1.0" encoding="UTF-8"?>
<!-- Generated by org.testng.reporters.JUnitReportReporter -->
<testsuite skipped="0" hostname="DESKTOP-EQPBENL" name="com.TIAA.qa.testcases.LandingPageTest" tests="3" failures="0" timestamp="2020-01-20T20:47:47 CST" time="81.000" errors="0">
  <testcase name="displayPageTitle" time="22.167" classname="com.TIAA.qa.testcases.LandingPageTest"/>
  <testcase name="displayTIAALogo" time="21.426" classname="com.TIAA.qa.testcases.LandingPageTest"/>
  <testcase name="dispalyProductSelectionPage" time="37.407" classname="com.TIAA.qa.testcases.LandingPageTest"/>
</testsuite> <!-- com.TIAA.qa.testcases.LandingPageTest -->
