<?xml version="1.0" encoding="UTF-8"?>
<!-- Generated by org.testng.reporters.JUnitReportReporter -->
<testsuite hostname="DESKTOP-EQPBENL" failures="0" tests="3" name="com.TIAA.qa.testcases.LandingPageTest" time="82.151" errors="0" timestamp="2020-01-15T17:03:39 CST" skipped="0">
  <testcase classname="com.TIAA.qa.testcases.LandingPageTest" name="displayPageTitle" time="23.972"/>
  <testcase classname="com.TIAA.qa.testcases.LandingPageTest" name="displayTIAALogo" time="17.853"/>
  <testcase classname="com.TIAA.qa.testcases.LandingPageTest" name="dispalyProductSelectionPage" time="40.326"/>
</testsuite> <!-- com.TIAA.qa.testcases.LandingPageTest -->
