<?xml version="1.0" encoding="UTF-8"?>
<!-- Generated by org.testng.reporters.JUnitReportReporter -->
<testsuite skipped="0" hostname="DESKTOP-EQPBENL" name="com.TIAA.qa.testcases.LandingPageTest" tests="3" failures="0" timestamp="2020-01-20T23:51:44 CST" time="95.840" errors="0">
  <testcase name="displayPageTitle" time="33.636" classname="com.TIAA.qa.testcases.LandingPageTest"/>
  <testcase name="displayTIAALogo" time="24.250" classname="com.TIAA.qa.testcases.LandingPageTest"/>
  <testcase name="dispalyProductSelectionPage" time="37.954" classname="com.TIAA.qa.testcases.LandingPageTest"/>
</testsuite> <!-- com.TIAA.qa.testcases.LandingPageTest -->
