<?xml version="1.0" encoding="UTF-8"?>
<!-- Generated by org.testng.reporters.JUnitReportReporter -->
<testsuite skipped="0" hostname="DESKTOP-EQPBENL" name="com.TIAA.qa.testcases.LandingPageTest" tests="3" failures="0" timestamp="2022-05-03T17:03:38 EDT" time="11.015" errors="0">
  <testcase name="displayPageTitle" time="0.024" classname="com.TIAA.qa.testcases.LandingPageTest"/>
  <testcase name="displayTIAALogo" time="0.054" classname="com.TIAA.qa.testcases.LandingPageTest"/>
  <testcase name="dispalyProductSelectionPage" time="10.937" classname="com.TIAA.qa.testcases.LandingPageTest"/>
</testsuite> <!-- com.TIAA.qa.testcases.LandingPageTest -->
